<?xml version="1.0" encoding="UTF-8"?>
<!-- Generated by org.testng.reporters.JUnitXMLReporter -->
<testsuite ignored="0" hostname="LAPTOP-QS1S87MJ" failures="0" tests="3" name="Default test" time="5.35" errors="0" timestamp="2024-03-17T00:16:09 IST">
  <testcase classname="testNG_Basic.ThreadPool" name="search" time="4.818"/>
  <testcase classname="testNG_Basic.ThreadPool" name="search" time="4.894"/>
  <testcase classname="testNG_Basic.ThreadPool" name="search" time="5.28"/>
</testsuite> <!-- Default test -->
