<?xml version="1.0" encoding="UTF-8"?>
<!-- Generated by org.testng.reporters.JUnitXMLReporter -->
<testsuite ignored="0" hostname="LAPTOP-QS1S87MJ" failures="0" tests="2" name="Test" time="12.306" errors="0" timestamp="2024-03-21T13:27:30 IST">
  <testcase classname="testNG_Basic.DataProvider_WithoutInheritance_WithDataProviderClass" name="Signin" time="7.962"/>
  <testcase classname="testNG_Basic.DataProvider_WithoutInheritance_WithDataProviderClass" name="Signin" time="4.3"/>
</testsuite> <!-- Test -->
