<?xml version="1.0" encoding="UTF-8"?>
<!-- Generated by org.testng.reporters.JUnitXMLReporter -->
<testsuite ignored="0" hostname="LAPTOP-QS1S87MJ" failures="0" tests="3" name="Test" time="6.92" errors="0" timestamp="2024-03-16T14:03:16 IST">
  <testcase classname="testNG_Basic.Test_Connection" name="get" time="0.004"/>
  <testcase classname="testNG_Basic.HandlingInputs" name="Inputs" time="4.332"/>
  <testcase classname="testNG_Basic.DragAndDrop1" name="Drag" time="3.727"/>
</testsuite> <!-- Test -->
