<?xml version="1.0" encoding="UTF-8"?>
<testng-results ignored="0" total="2" passed="2" failed="0" skipped="0">
  <reporter-output>
  </reporter-output>
  <suite started-at="2024-03-16T05:14:25 IST" name="Suite" finished-at="2024-03-16T05:14:32 IST" duration-ms="6813">
    <groups>
    </groups>
    <test started-at="2024-03-16T05:14:25 IST" name="Test" finished-at="2024-03-16T05:14:32 IST" duration-ms="6813">
      <class name="testNG_Basic.HandlingInputs">
        <test-method signature="Inputs()[pri:0, instance:testNG_Basic.HandlingInputs@e70f13a]" started-at="2024-03-16T05:14:25 IST" name="Inputs" finished-at="2024-03-16T05:14:28 IST" duration-ms="3150" status="PASS">
          <reporter-output>
          </reporter-output>
        </test-method> <!-- Inputs -->
      </class> <!-- testNG_Basic.HandlingInputs -->
      <class name="testNG_Basic.DragAndDrop1">
        <test-method is-config="true" signature="setUp()[pri:0, instance:testNG_Basic.DragAndDrop1@1c481ff2]" started-at="2024-03-16T05:14:25 IST" name="setUp" finished-at="2024-03-16T05:14:28 IST" duration-ms="2869" status="PASS">
          <reporter-output>
          </reporter-output>
        </test-method> <!-- setUp -->
        <test-method signature="Drag()[pri:0, instance:testNG_Basic.DragAndDrop1@1c481ff2]" started-at="2024-03-16T05:14:28 IST" name="Drag" finished-at="2024-03-16T05:14:32 IST" duration-ms="3923" status="PASS">
          <reporter-output>
          </reporter-output>
        </test-method> <!-- Drag -->
      </class> <!-- testNG_Basic.DragAndDrop1 -->
    </test> <!-- Test -->
  </suite> <!-- Suite -->
</testng-results>
