<?xml version="1.0" encoding="UTF-8"?>
<testng-results ignored="0" total="2" passed="2" failed="0" skipped="0">
  <reporter-output>
  </reporter-output>
  <suite started-at="2024-03-18T02:02:01 IST" name="Default suite" finished-at="2024-03-18T02:02:07 IST" duration-ms="5934">
    <groups>
    </groups>
    <test started-at="2024-03-18T02:02:01 IST" name="Default test" finished-at="2024-03-18T02:02:07 IST" duration-ms="5934">
      <class name="testNG_Basic.DataProvider_Indices_Script">
        <test-method signature="Signin(java.lang.String,java.lang.String)[pri:0, instance:testNG_Basic.DataProvider_Indices_Script@c94fd30]" started-at="2024-03-18T02:02:02 IST" name="Signin" data-provider="login" finished-at="2024-03-18T02:02:07 IST" duration-ms="5641" status="PASS">
          <params>
            <param index="0">
              <value>
                <![CDATA[c.subhashini@gmail.com]]>
              </value>
            </param>
            <param index="1">
              <value>
                <![CDATA[Subha@0909]]>
              </value>
            </param>
          </params>
          <reporter-output>
          </reporter-output>
        </test-method> <!-- Signin -->
        <test-method signature="Signin(java.lang.String,java.lang.String)[pri:0, instance:testNG_Basic.DataProvider_Indices_Script@c94fd30]" started-at="2024-03-18T02:02:02 IST" name="Signin" data-provider="login" finished-at="2024-03-18T02:02:07 IST" duration-ms="5877" status="PASS">
          <params>
            <param index="0">
              <value>
                <![CDATA[worthyweapon@gmail.com]]>
              </value>
            </param>
            <param index="1">
              <value>
                <![CDATA[Subha@0909]]>
              </value>
            </param>
          </params>
          <reporter-output>
          </reporter-output>
        </test-method> <!-- Signin -->
      </class> <!-- testNG_Basic.DataProvider_Indices_Script -->
    </test> <!-- Default test -->
  </suite> <!-- Default suite -->
</testng-results>
